Removed Pin From Net: NetName=GND Pin=S1-1
Removed Pin From Net: NetName=NRST Pin=S1-2
Removed Member From Class: ClassName=min_system Member=S1
Change Component Comment : Designator=X1 Old Comment=XTAL_3225 New Comment=XTAL_8MHz
Added Component: Designator=SW1(Button-SMD_4P)
Add component (AddParameter): Name = "Actuator Style"; Value = "椭圆形按钮"; VariantName = "[No Variations]"
Add component (AddParameter): Name = "Actuator/Cap Color"; Value = "白色"; VariantName = "[No Variations]"
Add component (AddParameter): Name = "Add into BOM"; Value = "yes"; VariantName = "[No Variations]"
Add component (AddParameter): Name = "Circuit"; Value = "单刀单掷"; VariantName = "[No Variations]"
Add component (AddParameter): Name = "Contact Current"; Value = "50mA"; VariantName = "[No Variations]"
Add component (AddParameter): Name = "Convert to PCB"; Value = "yes"; VariantName = "[No Variations]"
Add component (AddParameter): Name = "Datasheet"; Value = "https://atta.szlcsc.com/upload/public/pdf/source/20200810/C720479_389650BB8B865DD3822BD59B78D6CF64.pdf"; VariantName = "[No Variations]"
Add component (AddParameter): Name = "Device"; Value = "TS-1089S-AR02516"; VariantName = "[No Variations]"
Add component (AddParameter): Name = "Insulation Resistance"; Value = "100MΩ"; VariantName = "[No Variations]"
Add component (AddParameter): Name = "JLCPCB Part Class"; Value = "Extended Part"; VariantName = "[No Variations]"
Add component (AddParameter): Name = "LCSC Part Name"; Value = "3×4×2.5 160gf 轻触开关"; VariantName = "[No Variations]"
Add component (AddParameter): Name = "Manufacturer"; Value = "XUNPU(讯普)"; VariantName = "[No Variations]"
Add component (AddParameter): Name = "Manufacturer Part"; Value = "TS-1089S-AR02516"; VariantName = "[No Variations]"
Add component (AddParameter): Name = "Mechanical Life"; Value = "100000"; VariantName = "[No Variations]"
Add component (AddParameter): Name = "Mounting Style"; Value = "立贴"; VariantName = "[No Variations]"
Add component (AddParameter): Name = "Name"; Value = "TS-1089S-AR02516"; VariantName = "[No Variations]"
Add component (AddParameter): Name = "Operating Force"; Value = "160gf@±50gf"; VariantName = "[No Variations]"
Add component (AddParameter): Name = "Operating Temperature"; Value = "-30℃~+80℃"; VariantName = "[No Variations]"
Add component (AddParameter): Name = "Pin Style"; Value = "SMD接片"; VariantName = "[No Variations]"
Add component (AddParameter): Name = "Strike Gundam"; Value = "否"; VariantName = "[No Variations]"
Add component (AddParameter): Name = "Supplier"; Value = "LCSC"; VariantName = "[No Variations]"
Add component (AddParameter): Name = "Supplier Footprint"; Value = "SMD"; VariantName = "[No Variations]"
Add component (AddParameter): Name = "Supplier Part"; Value = "C720479"; VariantName = "[No Variations]"
Add component (AddParameter): Name = "Switch Height"; Value = "2.5mm"; VariantName = "[No Variations]"
Add component (AddParameter): Name = "Switch Length"; Value = "4.2mm"; VariantName = "[No Variations]"
Add component (AddParameter): Name = "Switch Width"; Value = "3.25mm"; VariantName = "[No Variations]"
Add component (AddParameter): Name = "Symbol"; Value = "TS-1089S-AR02516"; VariantName = "[No Variations]"
Add component (AddParameter): Name = "Voltage Rating (DC)"; Value = "12V"; VariantName = "[No Variations]"
Added Pin To Net: NetName=NRST Pin=SW1-1
Added Pin To Net: NetName=NRST Pin=SW1-2
Added Pin To Net: NetName=GND Pin=SW1-3
Added Pin To Net: NetName=GND Pin=SW1-4
Added Member To Class: ClassName=min_system Member=Component SW1 TS-1089S-AR02516
Added Room: Name=min_system
