Change Component Footprint: Designator=D? Old Footprint=6-0805_M New Footprint=LED
Change Component Comment : Designator=C? Old Comment=Cap New Comment=104
Change Component Comment : Designator=Y? Old Comment=XTAL New Comment=8M
Change Component Comment : Designator=Y? Old Comment=XTAL New Comment=32.768K
Change Component Designator: OldDesignator=Y? NewDesignator=Y1
Change Component Designator: OldDesignator=Y? NewDesignator=Y2
Add Component: Footprint Not Found USB-C 16P
Added Component: Designator=R?(1608[0603])
Add component (AddParameter): Name = "LatestRevisionDate"; Value = "17-Jul-2002"; VariantName = "[No Variations]"
Add component (AddParameter): Name = "LatestRevisionNote"; Value = "Re-released for DXP Platform."; VariantName = "[No Variations]"
Add component (AddParameter): Name = "PackageDescription"; Value = "Axial Device, Thru-Hole; 2 Leads; 0.4 in Pin Spacing"; VariantName = "[No Variations]"
Add component (AddParameter): Name = "PackageReference"; Value = "AXIAL-0.4"; VariantName = "[No Variations]"
Add component (AddParameter): Name = "Published"; Value = "8-Jun-2000"; VariantName = "[No Variations]"
Add component (AddParameter): Name = "Publisher"; Value = "Altium Limited"; VariantName = "[No Variations]"
Added Component: Designator=R?(1608[0603])
Add component (AddParameter): Name = "LatestRevisionDate"; Value = "17-Jul-2002"; VariantName = "[No Variations]"
Add component (AddParameter): Name = "LatestRevisionNote"; Value = "Re-released for DXP Platform."; VariantName = "[No Variations]"
Add component (AddParameter): Name = "PackageDescription"; Value = "Axial Device, Thru-Hole; 2 Leads; 0.4 in Pin Spacing"; VariantName = "[No Variations]"
Add component (AddParameter): Name = "PackageReference"; Value = "AXIAL-0.4"; VariantName = "[No Variations]"
Add component (AddParameter): Name = "Published"; Value = "8-Jun-2000"; VariantName = "[No Variations]"
Add component (AddParameter): Name = "Publisher"; Value = "Altium Limited"; VariantName = "[No Variations]"
Added Pin To Net: NetName=OSC_IN Pin=C?-1
Added Pin To Net: NetName=PC14 Pin=C?-1
Added Pin To Net: NetName=OSC_OUT Pin=C?-2
Added Pin To Net: NetName=PC15 Pin=C?-2
Added Pin To Net: NetName=GND Pin=D?-2
Added Pin To Net: NetName=PC13 Pin=D?-2
Added Pin To Net: NetName=3V3 Pin=R?-1
Added Pin To Net: NetName=3V3 Pin=R?-1
Added Pin To Net: NetName=3V3 Pin=U1-9
Added Pin To Net: NetName=OSC_IN Pin=Y1-1
Added Pin To Net: NetName=OSC_OUT Pin=Y1-2
Added Pin To Net: NetName=PC14 Pin=Y2-1
Added Pin To Net: NetName=PC15 Pin=Y2-2
Added Pin To Net: NetName=NetD?_1 Pin=D?-1
Added Pin To Net: NetName=NetD?_1 Pin=R?-2
Added Net: Name=NetD?_1
Add Net: Net with name "NetD?_1" already exists
Add Class Member: Failed to add class member : Component * USB-C 16P
Added Member To Class: ClassName=mini_system Member=Component C? Cap
Added Member To Class: ClassName=mini_system Member=Component C? Cap
Added Member To Class: ClassName=mini_system Member=Component C? Cap
Added Member To Class: ClassName=mini_system Member=Component C? 104
Added Member To Class: ClassName=mini_system Member=Component D? LED
Added Member To Class: ClassName=mini_system Member=Component R? Res
Added Member To Class: ClassName=mini_system Member=Component R? Res
Added Member To Class: ClassName=mini_system Member=Component Y1 8M
