Removed Pin From Net: NetName=PC13 Pin=U?-2
Removed Pin From Net: NetName=PC14 Pin=U?-3
Removed Pin From Net: NetName=PC15 Pin=U?-4
Removed Pin From Net: NetName=RST Pin=U?-7
Removed Pin From Net: NetName=PA0 Pin=U?-10
Removed Pin From Net: NetName=PA1 Pin=U?-11
Removed Pin From Net: NetName=PA2 Pin=U?-12
Removed Pin From Net: NetName=PA3 Pin=U?-13
Removed Pin From Net: NetName=PA4 Pin=U?-14
Removed Pin From Net: NetName=PA5 Pin=U?-15
Removed Pin From Net: NetName=PA6 Pin=U?-16
Removed Pin From Net: NetName=PA7 Pin=U?-17
Removed Pin From Net: NetName=PB0 Pin=U?-18
Removed Pin From Net: NetName=PB1 Pin=U?-19
Removed Pin From Net: NetName=PB2 Pin=U?-20
Removed Pin From Net: NetName=PB10 Pin=U?-21
Removed Pin From Net: NetName=PB11 Pin=U?-22
Removed Pin From Net: NetName=PB12 Pin=U?-25
Removed Pin From Net: NetName=PB13 Pin=U?-26
Removed Pin From Net: NetName=PB14 Pin=U?-27
Removed Pin From Net: NetName=PB15 Pin=U?-28
Removed Pin From Net: NetName=PA8 Pin=U?-29
Removed Pin From Net: NetName=PA9 Pin=U?-30
Removed Pin From Net: NetName=PA10 Pin=U?-31
Removed Pin From Net: NetName=PA11 Pin=U?-32
Removed Pin From Net: NetName=PA12 Pin=U?-33
Removed Pin From Net: NetName=PA13 Pin=U?-34
Removed Pin From Net: NetName=PA14 Pin=U?-37
Removed Pin From Net: NetName=PA15 Pin=U?-38
Removed Pin From Net: NetName=PB3 Pin=U?-39
Removed Pin From Net: NetName=PB4 Pin=U?-40
Removed Pin From Net: NetName=PB5 Pin=U?-41
Removed Pin From Net: NetName=PB6 Pin=U?-42
Removed Pin From Net: NetName=PB7 Pin=U?-43
Removed Pin From Net: NetName=BOOT0 Pin=U?-44
Removed Pin From Net: NetName=PB8 Pin=U?-45
Removed Pin From Net: NetName=PB9 Pin=U?-46
Change Component Designator: OldDesignator=U? NewDesignator=U2
Added Pin To Net: NetName=PC13 Pin=U2-2
Added Pin To Net: NetName=PC14 Pin=U2-3
Added Pin To Net: NetName=PC15 Pin=U2-4
Added Pin To Net: NetName=RST Pin=U2-7
Added Pin To Net: NetName=PA0 Pin=U2-10
Added Pin To Net: NetName=PA1 Pin=U2-11
Added Pin To Net: NetName=PA2 Pin=U2-12
Added Pin To Net: NetName=PA3 Pin=U2-13
Added Pin To Net: NetName=PA4 Pin=U2-14
Added Pin To Net: NetName=PA5 Pin=U2-15
Added Pin To Net: NetName=PA6 Pin=U2-16
Added Pin To Net: NetName=PA7 Pin=U2-17
Added Pin To Net: NetName=PB0 Pin=U2-18
Added Pin To Net: NetName=PB1 Pin=U2-19
Added Pin To Net: NetName=PB2 Pin=U2-20
Added Pin To Net: NetName=PB10 Pin=U2-21
Added Pin To Net: NetName=PB11 Pin=U2-22
Added Pin To Net: NetName=PB12 Pin=U2-25
Added Pin To Net: NetName=PB13 Pin=U2-26
Added Pin To Net: NetName=PB14 Pin=U2-27
Added Pin To Net: NetName=PB15 Pin=U2-28
Added Pin To Net: NetName=PA8 Pin=U2-29
Added Pin To Net: NetName=PA9 Pin=U2-30
Added Pin To Net: NetName=PA10 Pin=U2-31
Added Pin To Net: NetName=PA11 Pin=U2-32
Added Pin To Net: NetName=PA12 Pin=U2-33
Added Pin To Net: NetName=PA13 Pin=U2-34
Added Pin To Net: NetName=PA14 Pin=U2-37
Added Pin To Net: NetName=PA15 Pin=U2-38
Added Pin To Net: NetName=PB3 Pin=U2-39
Added Pin To Net: NetName=PB4 Pin=U2-40
Added Pin To Net: NetName=PB5 Pin=U2-41
Added Pin To Net: NetName=PB6 Pin=U2-42
Added Pin To Net: NetName=PB7 Pin=U2-43
Added Pin To Net: NetName=BOOT0 Pin=U2-44
Added Pin To Net: NetName=PB8 Pin=U2-45
Added Pin To Net: NetName=PB9 Pin=U2-46
Added Member To Class: ClassName=mini_system Member=Component C? 104
Added Member To Class: ClassName=mini_system Member=Component C? 105
Added Member To Class: ClassName=mini_system Member=Component C? 105
Added Member To Class: ClassName=mini_system Member=Component C? 223
Added Member To Class: ClassName=mini_system Member=Component P? Header 20
Added Member To Class: ClassName=mini_system Member=Component P? Header 3X2
Added Member To Class: ClassName=mini_system Member=Component U2 STM32F103C8T6
