Removed Pin From Net: NetName=PC15 Pin=C12-2
Removed Pin From Net: NetName=GND Pin=S?-1
Removed Pin From Net: NetName=NRST Pin=S?-2
Removed Pin From Net: NetName=OSC_IN Pin=Y1-1
Removed Pin From Net: NetName=OSC_OUT Pin=Y1-2
Removed Pin From Net: NetName=PC14 Pin=Y2-1
Removed Pin From Net: NetName=PC15 Pin=Y2-2
Removed Member From Class: ClassName=mini_system Member=S?
Change Component Footprint: Designator=C5 Old Footprint=6-0805_M New Footprint=1608[0603]
Change Component Footprint: Designator=C6 Old Footprint=6-0805_M New Footprint=1608[0603]
Change Component Footprint: Designator=Y2 Old Footprint=R38 New Footprint=MC-306
Change Component Footprint: Designator=Y1 Old Footprint=R38 New Footprint=XTAL3
Change Component Comment : Designator=Y2 Old Comment=32.768K New Comment=XTAL_32.768
Added Component: Designator=S1(BUTTON)
Add component (AddParameter): Name = "LatestRevisionDate"; Value = "17-Jul-2002"; VariantName = "[No Variations]"
Add component (AddParameter): Name = "LatestRevisionNote"; Value = "Re-released for DXP Platform."; VariantName = "[No Variations]"
Add component (AddParameter): Name = "PackageDescription"; Value = "Switch; 2 Leads"; VariantName = "[No Variations]"
Add component (AddParameter): Name = "PackageReference"; Value = "SPST-2"; VariantName = "[No Variations]"
Add component (AddParameter): Name = "Published"; Value = "24-Mar-1999"; VariantName = "[No Variations]"
Add component (AddParameter): Name = "Publisher"; Value = "Altium Limited"; VariantName = "[No Variations]"
Added Pin To Net: NetName=GND Pin=S1-1
Added Pin To Net: NetName=NRST Pin=S1-2
Added Pin To Net: NetName=OSC_OUT Pin=Y1-1
Added Pin To Net: NetName=OSC_IN Pin=Y1-2
Added Pin To Net: NetName=GND Pin=Y2-2
Added Pin To Net: NetName=GND Pin=Y2-3
Added Pin To Net: NetName=PC14 Pin=Y2-4
Added Pin To Net: NetName=NetC12_2 Pin=C12-2
Added Pin To Net: NetName=NetC12_2 Pin=Y2-1
Added Net: Name=NetC12_2
Add Net: Net with name "NetD?_1" already exists
Added Member To Class: ClassName=mini_system Member=Component D? LED
Added Member To Class: ClassName=mini_system Member=Component R? Res
Added Member To Class: ClassName=mini_system Member=Component R? Res
Added Member To Class: ClassName=mini_system Member=Component S1 Button
Added Room: Name=mini_system
